# JRE version: Java(TM) SE Runtime Environment (8.0_172-b11) (build 1.8.0_172-b11)
# Java VM: Java HotSpot(TM) 64-Bit Server VM (25.172-b11 mixed mode windows-amd64 compressed oops)
Heap:
 PSYoungGen      total 347648K, used 44037K [0x00000000d5f80000, 0x00000000ec580000, 0x0000000100000000)
  eden space 332288K, 8% used [0x00000000d5f80000,0x00000000d7b85598,0x00000000ea400000)
  from space 15360K, 99% used [0x00000000eb300000,0x00000000ec1fc110,0x00000000ec200000)
  to   space 15360K, 0% used [0x00000000ea400000,0x00000000ea400000,0x00000000eb300000)
 ParOldGen       total 92672K, used 43600K [0x0000000081e00000, 0x0000000087880000, 0x00000000d5f80000)
  object space 92672K, 47% used [0x0000000081e00000,0x00000000848941e0,0x0000000087880000)
 Metaspace       used 54893K, capacity 55778K, committed 56192K, reserved 1097728K
  class space    used 7202K, capacity 7430K, committed 7552K, reserved 1048576K
GC Heap History (10 events):
Event: 14.852 GC heap before
{Heap before GC invocations=10 (full 1):
 PSYoungGen      total 241152K, used 240723K [0x00000000d5f80000, 0x00000000e5980000, 0x0000000100000000)
  eden space 231424K, 100% used [0x00000000d5f80000,0x00000000e4180000,0x00000000e4180000)
  from space 9728K, 95% used [0x00000000e5000000,0x00000000e5914d38,0x00000000e5980000)
  to   space 10240K, 0% used [0x00000000e4580000,0x00000000e4580000,0x00000000e4f80000)
 ParOldGen       total 51200K, used 6749K [0x0000000081e00000, 0x0000000085000000, 0x00000000d5f80000)
  object space 51200K, 13% used [0x0000000081e00000,0x0000000082497408,0x0000000085000000)
 Metaspace       used 31823K, capacity 32428K, committed 32768K, reserved 1077248K
  class space    used 4127K, capacity 4264K, committed 4352K, reserved 1048576K
Event: 14.880 GC heap after
Heap after GC invocations=10 (full 1):
 PSYoungGen      total 245760K, used 10216K [0x00000000d5f80000, 0x00000000ec200000, 0x0000000100000000)
  eden space 235520K, 0% used [0x00000000d5f80000,0x00000000d5f80000,0x00000000e4580000)
  from space 10240K, 99% used [0x00000000e4580000,0x00000000e4f7a178,0x00000000e4f80000)
  to   space 15360K, 0% used [0x00000000eb300000,0x00000000eb300000,0x00000000ec200000)
 ParOldGen       total 51200K, used 16066K [0x0000000081e00000, 0x0000000085000000, 0x00000000d5f80000)
  object space 51200K, 31% used [0x0000000081e00000,0x0000000082db0bf8,0x0000000085000000)
 Metaspace       used 31823K, capacity 32428K, committed 32768K, reserved 1077248K
  class space    used 4127K, capacity 4264K, committed 4352K, reserved 1048576K
}
Event: 16.998 GC heap before
{Heap before GC invocations=11 (full 1):
 PSYoungGen      total 245760K, used 128315K [0x00000000d5f80000, 0x00000000ec200000, 0x0000000100000000)
  eden space 235520K, 50% used [0x00000000d5f80000,0x00000000dd2d4c50,0x00000000e4580000)
  from space 10240K, 99% used [0x00000000e4580000,0x00000000e4f7a178,0x00000000e4f80000)
  to   space 15360K, 0% used [0x00000000eb300000,0x00000000eb300000,0x00000000ec200000)
 ParOldGen       total 51200K, used 16066K [0x0000000081e00000, 0x0000000085000000, 0x00000000d5f80000)
  object space 51200K, 31% used [0x0000000081e00000,0x0000000082db0bf8,0x0000000085000000)
 Metaspace       used 34715K, capacity 35276K, committed 35416K, reserved 1081344K
  class space    used 4410K, capacity 4552K, committed 4608K, reserved 1048576K
Event: 17.026 GC heap after
Heap after GC invocations=11 (full 1):
 PSYoungGen      total 347648K, used 11059K [0x00000000d5f80000, 0x00000000ec580000, 0x0000000100000000)
  eden space 332288K, 0% used [0x00000000d5f80000,0x00000000d5f80000,0x00000000ea400000)
  from space 15360K, 72% used [0x00000000eb300000,0x00000000ebdccf90,0x00000000ec200000)
  to   space 15360K, 0% used [0x00000000ea400000,0x00000000ea400000,0x00000000eb300000)
 ParOldGen       total 51200K, used 20413K [0x0000000081e00000, 0x0000000085000000, 0x00000000d5f80000)
  object space 51200K, 39% used [0x0000000081e00000,0x00000000831ef4c0,0x0000000085000000)
 Metaspace       used 34715K, capacity 35276K, committed 35416K, reserved 1081344K
  class space    used 4410K, capacity 4552K, committed 4608K, reserved 1048576K
}
Event: 17.026 GC heap before
{Heap before GC invocations=12 (full 2):
 PSYoungGen      total 347648K, used 11059K [0x00000000d5f80000, 0x00000000ec580000, 0x0000000100000000)
  eden space 332288K, 0% used [0x00000000d5f80000,0x00000000d5f80000,0x00000000ea400000)
  from space 15360K, 72% used [0x00000000eb300000,0x00000000ebdccf90,0x00000000ec200000)
  to   space 15360K, 0% used [0x00000000ea400000,0x00000000ea400000,0x00000000eb300000)
 ParOldGen       total 51200K, used 20413K [0x0000000081e00000, 0x0000000085000000, 0x00000000d5f80000)
  object space 51200K, 39% used [0x0000000081e00000,0x00000000831ef4c0,0x0000000085000000)
 Metaspace       used 34715K, capacity 35276K, committed 35416K, reserved 1081344K
  class space    used 4410K, capacity 4552K, committed 4608K, reserved 1048576K
Event: 17.165 GC heap after
Heap after GC invocations=12 (full 2):
 PSYoungGen      total 347648K, used 0K [0x00000000d5f80000, 0x00000000ec580000, 0x0000000100000000)
  eden space 332288K, 0% used [0x00000000d5f80000,0x00000000d5f80000,0x00000000ea400000)
  from space 15360K, 0% used [0x00000000eb300000,0x00000000eb300000,0x00000000ec200000)
  to   space 15360K, 0% used [0x00000000ea400000,0x00000000ea400000,0x00000000eb300000)
 ParOldGen       total 92672K, used 29821K [0x0000000081e00000, 0x0000000087880000, 0x00000000d5f80000)
  object space 92672K, 32% used [0x0000000081e00000,0x0000000083b1f4e0,0x0000000087880000)
 Metaspace       used 34715K, capacity 35276K, committed 35416K, reserved 1081344K
  class space    used 4410K, capacity 4552K, committed 4608K, reserved 1048576K
}
Event: 22.547 GC heap before
{Heap before GC invocations=13 (full 2):
 PSYoungGen      total 347648K, used 332288K [0x00000000d5f80000, 0x00000000ec580000, 0x0000000100000000)
  eden space 332288K, 100% used [0x00000000d5f80000,0x00000000ea400000,0x00000000ea400000)
  from space 15360K, 0% used [0x00000000eb300000,0x00000000eb300000,0x00000000ec200000)
  to   space 15360K, 0% used [0x00000000ea400000,0x00000000ea400000,0x00000000eb300000)
 ParOldGen       total 92672K, used 29821K [0x0000000081e00000, 0x0000000087880000, 0x00000000d5f80000)
  object space 92672K, 32% used [0x0000000081e00000,0x0000000083b1f4e0,0x0000000087880000)
 Metaspace       used 46752K, capacity 47396K, committed 47744K, reserved 1091584K
  class space    used 6061K, capacity 6243K, committed 6272K, reserved 1048576K
Event: 22.567 GC heap after
Heap after GC invocations=13 (full 2):
 PSYoungGen      total 347648K, used 15346K [0x00000000d5f80000, 0x00000000ec580000, 0x0000000100000000)
  eden space 332288K, 0% used [0x00000000d5f80000,0x00000000d5f80000,0x00000000ea400000)
  from space 15360K, 99% used [0x00000000ea400000,0x00000000eb2fcba8,0x00000000eb300000)
  to   space 15360K, 0% used [0x00000000eb300000,0x00000000eb300000,0x00000000ec200000)
 ParOldGen       total 92672K, used 33858K [0x0000000081e00000, 0x0000000087880000, 0x00000000d5f80000)
  object space 92672K, 36% used [0x0000000081e00000,0x0000000083f10848,0x0000000087880000)
 Metaspace       used 46752K, capacity 47396K, committed 47744K, reserved 1091584K
  class space    used 6061K, capacity 6243K, committed 6272K, reserved 1048576K
}
Event: 28.949 GC heap before
{Heap before GC invocations=14 (full 2):
 PSYoungGen      total 347648K, used 347634K [0x00000000d5f80000, 0x00000000ec580000, 0x0000000100000000)
  eden space 332288K, 100% used [0x00000000d5f80000,0x00000000ea400000,0x00000000ea400000)
  from space 15360K, 99% used [0x00000000ea400000,0x00000000eb2fcba8,0x00000000eb300000)
  to   space 15360K, 0% used [0x00000000eb300000,0x00000000eb300000,0x00000000ec200000)
 ParOldGen       total 92672K, used 33858K [0x0000000081e00000, 0x0000000087880000, 0x00000000d5f80000)
  object space 92672K, 36% used [0x0000000081e00000,0x0000000083f10848,0x0000000087880000)
 Metaspace       used 54372K, capacity 55202K, committed 55552K, reserved 1097728K
  class space    used 7124K, capacity 7328K, committed 7424K, reserved 1048576K
Event: 28.982 GC heap after
Heap after GC invocations=14 (full 2):
 PSYoungGen      total 347648K, used 15344K [0x00000000d5f80000, 0x00000000ec580000, 0x0000000100000000)
  eden space 332288K, 0% used [0x00000000d5f80000,0x00000000d5f80000,0x00000000ea400000)
  from space 15360K, 99% used [0x00000000eb300000,0x00000000ec1fc110,0x00000000ec200000)
  to   space 15360K, 0% used [0x00000000ea400000,0x00000000ea400000,0x00000000eb300000)
 ParOldGen       total 92672K, used 43600K [0x0000000081e00000, 0x0000000087880000, 0x00000000d5f80000)
  object space 92672K, 47% used [0x0000000081e00000,0x00000000848941e0,0x0000000087880000)
 Metaspace       used 54372K, capacity 55202K, committed 55552K, reserved 1097728K
  class space    used 7124K, capacity 7328K, committed 7424K, reserved 1048576K
}

